--------------------
./configure --host=arm-linux --enable-static --disable-shared CC=/opt/FriendlyARM/toolschain/4.5.1/bin/arm-none-linux-gnueabi-gcc AS=/opt/FriendlyARM/toolschain/4.5.1/bin/arm-none-linux-gnueabi-as LD=/opt/FriendlyARM/toolschain/4.5.1/bin/arm-none-linux-gnueabi-ld AR=/opt/FriendlyARM/toolschain/4.5.1/bin/arm-none-linux-gnueabi-ar RANLIB=/opt/FriendlyARM/toolschain/4.5.1/bin/arm-none-linux-gnueabi-ranlib
2021年 08月 12日 星期四 11:57:52 CST
unknown option: --host=arm-linux
./configure --help for help
** ./configure aborting.
--------------------


--------------------
./configure --enable-static --disable-shared CC=/opt/FriendlyARM/toolschain/4.5.1/bin/arm-none-linux-gnueabi-gcc AS=/opt/FriendlyARM/toolschain/4.5.1/bin/arm-none-linux-gnueabi-as LD=/opt/FriendlyARM/toolschain/4.5.1/bin/arm-none-linux-gnueabi-ld AR=/opt/FriendlyARM/toolschain/4.5.1/bin/arm-none-linux-gnueabi-ar RANLIB=/opt/FriendlyARM/toolschain/4.5.1/bin/arm-none-linux-gnueabi-ranlib
2021年 08月 12日 星期四 11:58:07 CST
unknown option: --enable-static
./configure --help for help
** ./configure aborting.
--------------------


--------------------
./configure CC=/opt/FriendlyARM/toolschain/4.5.1/bin/arm-none-linux-gnueabi-gcc AS=/opt/FriendlyARM/toolschain/4.5.1/bin/arm-none-linux-gnueabi-as LD=/opt/FriendlyARM/toolschain/4.5.1/bin/arm-none-linux-gnueabi-ld AR=/opt/FriendlyARM/toolschain/4.5.1/bin/arm-none-linux-gnueabi-ar RANLIB=/opt/FriendlyARM/toolschain/4.5.1/bin/arm-none-linux-gnueabi-ranlib
2021年 08月 12日 星期四 11:58:17 CST
unknown option: CC=/opt/FriendlyARM/toolschain/4.5.1/bin/arm-none-linux-gnueabi-gcc
./configure --help for help
** ./configure aborting.
--------------------


--------------------
./configure --prefix=/home/pwn/Desktop/work/share/smart210/git/smart210-SDK/3rd/zlib-1.2.11/_install
2021年 08月 12日 星期四 11:59:03 CST
=== ztest34509.c ===
extern int getchar();
int hello() {return getchar();}
===
/opt/FriendlyARM/toolschain/4.5.1/bin/arm-none-linux-gnueabi-gcc -c ztest34509.c
... using gcc

Checking for obsessive-compulsive compiler options...
=== ztest34509.c ===
int foo() { return 0; }
===
/opt/FriendlyARM/toolschain/4.5.1/bin/arm-none-linux-gnueabi-gcc -c -O3 ztest34509.c

Checking for shared library support...
=== ztest34509.c ===
extern int getchar();
int hello() {return getchar();}
===
/opt/FriendlyARM/toolschain/4.5.1/bin/arm-none-linux-gnueabi-gcc -w -c -O3 -fPIC ztest34509.c
/opt/FriendlyARM/toolschain/4.5.1/bin/arm-none-linux-gnueabi-gcc -shared -Wl,-soname,libz.so.1,--version-script,zlib.map -O3 -fPIC -o ztest34509.so ztest34509.o
Building shared library libz.so.1.2.11 with /opt/FriendlyARM/toolschain/4.5.1/bin/arm-none-linux-gnueabi-gcc.

=== ztest34509.c ===
#include <stdio.h>
#include <stdlib.h>
size_t dummy = 0;
===
/opt/FriendlyARM/toolschain/4.5.1/bin/arm-none-linux-gnueabi-gcc -c -O3 ztest34509.c
Checking for size_t... Yes.


=== ztest34509.c ===
#include <sys/types.h>
off64_t dummy = 0;
===
/opt/FriendlyARM/toolschain/4.5.1/bin/arm-none-linux-gnueabi-gcc -c -O3 -D_LARGEFILE64_SOURCE=1 ztest34509.c
Checking for off64_t... Yes.
Checking for fseeko... Yes.

=== ztest34509.c ===
#include <string.h>
#include <errno.h>
int main() { return strlen(strerror(errno)); }
===
/opt/FriendlyARM/toolschain/4.5.1/bin/arm-none-linux-gnueabi-gcc -O3 -D_LARGEFILE64_SOURCE=1 -o ztest34509 ztest34509.c
Checking for strerror... Yes.

=== ztest34509.c ===
#include <unistd.h>
int main() { return 0; }
===
/opt/FriendlyARM/toolschain/4.5.1/bin/arm-none-linux-gnueabi-gcc -c -O3 -D_LARGEFILE64_SOURCE=1 ztest34509.c
Checking for unistd.h... Yes.

=== ztest34509.c ===
#include <stdarg.h>
int main() { return 0; }
===
/opt/FriendlyARM/toolschain/4.5.1/bin/arm-none-linux-gnueabi-gcc -c -O3 -D_LARGEFILE64_SOURCE=1 ztest34509.c
Checking for stdarg.h... Yes.

=== ztest34509.c ===
#include <stdio.h>
#include <stdarg.h>
#include "zconf.h"
int main()
{
#ifndef STDC
  choke me
#endif
  return 0;
}
===
/opt/FriendlyARM/toolschain/4.5.1/bin/arm-none-linux-gnueabi-gcc -c -O3 -D_LARGEFILE64_SOURCE=1 ztest34509.c
Checking whether to use vs[n]printf() or s[n]printf()... using vs[n]printf().

=== ztest34509.c ===
#include <stdio.h>
#include <stdarg.h>
int mytest(const char *fmt, ...)
{
  char buf[20];
  va_list ap;
  va_start(ap, fmt);
  vsnprintf(buf, sizeof(buf), fmt, ap);
  va_end(ap);
  return 0;
}
int main()
{
  return (mytest("Hello%d\n", 1));
}
===
/opt/FriendlyARM/toolschain/4.5.1/bin/arm-none-linux-gnueabi-gcc -O3 -D_LARGEFILE64_SOURCE=1 -o ztest34509 ztest34509.c
Checking for vsnprintf() in stdio.h... Yes.

=== ztest34509.c ===
#include <stdio.h>
#include <stdarg.h>
int mytest(const char *fmt, ...)
{
  int n;
  char buf[20];
  va_list ap;
  va_start(ap, fmt);
  n = vsnprintf(buf, sizeof(buf), fmt, ap);
  va_end(ap);
  return n;
}
int main()
{
  return (mytest("Hello%d\n", 1));
}
===
/opt/FriendlyARM/toolschain/4.5.1/bin/arm-none-linux-gnueabi-gcc -c -O3 -D_LARGEFILE64_SOURCE=1 ztest34509.c
Checking for return value of vsnprintf()... Yes.

=== ztest34509.c ===
#define ZLIB_INTERNAL __attribute__((visibility ("hidden")))
int ZLIB_INTERNAL foo;
int main()
{
  return 0;
}
===
/opt/FriendlyARM/toolschain/4.5.1/bin/arm-none-linux-gnueabi-gcc -c -O3 -D_LARGEFILE64_SOURCE=1 ztest34509.c
Checking for attribute(visibility) support... Yes.

ALL = static shared all64
AR = ar
ARFLAGS = rc
CC = /opt/FriendlyARM/toolschain/4.5.1/bin/arm-none-linux-gnueabi-gcc
CFLAGS = -O3 -D_LARGEFILE64_SOURCE=1 -DHAVE_HIDDEN
CPP = /opt/FriendlyARM/toolschain/4.5.1/bin/arm-none-linux-gnueabi-gcc -E
EXE =
LDCONFIG = ldconfig
LDFLAGS =
LDSHARED = /opt/FriendlyARM/toolschain/4.5.1/bin/arm-none-linux-gnueabi-gcc -shared -Wl,-soname,libz.so.1,--version-script,zlib.map
LDSHAREDLIBC = -lc
OBJC = $(OBJZ) $(OBJG)
PIC_OBJC = $(PIC_OBJZ) $(PIC_OBJG)
RANLIB = ranlib
SFLAGS = -O3 -fPIC -D_LARGEFILE64_SOURCE=1 -DHAVE_HIDDEN
SHAREDLIB = libz.so
SHAREDLIBM = libz.so.1
SHAREDLIBV = libz.so.1.2.11
STATICLIB = libz.a
TEST = all teststatic testshared test64
VER = 1.2.11
Z_U4 =
SRCDIR =
exec_prefix = ${prefix}
includedir = ${prefix}/include
libdir = ${exec_prefix}/lib
mandir = ${prefix}/share/man
prefix = /home/pwn/Desktop/work/share/smart210/git/smart210-SDK/3rd/zlib-1.2.11/_install
sharedlibdir = ${libdir}
uname = Linux
--------------------


--------------------
./configure --prefix=/home/pwn/Desktop/work/share/smart210/git/smart210-SDK/3rd/zlib-1.2.11/_install
2021年 08月 12日 星期四 14:07:46 CST
=== ztest35806.c ===
extern int getchar();
int hello() {return getchar();}
===
/opt/FriendlyARM/toolschain/4.5.1/bin/arm-none-linux-gnueabi-gcc -c ztest35806.c
... using gcc

Checking for obsessive-compulsive compiler options...
=== ztest35806.c ===
int foo() { return 0; }
===
/opt/FriendlyARM/toolschain/4.5.1/bin/arm-none-linux-gnueabi-gcc -c -O3 ztest35806.c

Checking for shared library support...
=== ztest35806.c ===
extern int getchar();
int hello() {return getchar();}
===
/opt/FriendlyARM/toolschain/4.5.1/bin/arm-none-linux-gnueabi-gcc -w -c -O3 -fPIC ztest35806.c
/opt/FriendlyARM/toolschain/4.5.1/bin/arm-none-linux-gnueabi-gcc -shared -Wl,-soname,libz.so.1,--version-script,zlib.map -O3 -fPIC -o ztest35806.so ztest35806.o
Building shared library libz.so.1.2.11 with /opt/FriendlyARM/toolschain/4.5.1/bin/arm-none-linux-gnueabi-gcc.

=== ztest35806.c ===
#include <stdio.h>
#include <stdlib.h>
size_t dummy = 0;
===
/opt/FriendlyARM/toolschain/4.5.1/bin/arm-none-linux-gnueabi-gcc -c -O3 ztest35806.c
Checking for size_t... Yes.


=== ztest35806.c ===
#include <sys/types.h>
off64_t dummy = 0;
===
/opt/FriendlyARM/toolschain/4.5.1/bin/arm-none-linux-gnueabi-gcc -c -O3 -D_LARGEFILE64_SOURCE=1 ztest35806.c
Checking for off64_t... Yes.
Checking for fseeko... Yes.

=== ztest35806.c ===
#include <string.h>
#include <errno.h>
int main() { return strlen(strerror(errno)); }
===
/opt/FriendlyARM/toolschain/4.5.1/bin/arm-none-linux-gnueabi-gcc -O3 -D_LARGEFILE64_SOURCE=1 -o ztest35806 ztest35806.c
Checking for strerror... Yes.

=== ztest35806.c ===
#include <unistd.h>
int main() { return 0; }
===
/opt/FriendlyARM/toolschain/4.5.1/bin/arm-none-linux-gnueabi-gcc -c -O3 -D_LARGEFILE64_SOURCE=1 ztest35806.c
Checking for unistd.h... Yes.

=== ztest35806.c ===
#include <stdarg.h>
int main() { return 0; }
===
/opt/FriendlyARM/toolschain/4.5.1/bin/arm-none-linux-gnueabi-gcc -c -O3 -D_LARGEFILE64_SOURCE=1 ztest35806.c
Checking for stdarg.h... Yes.

=== ztest35806.c ===
#include <stdio.h>
#include <stdarg.h>
#include "zconf.h"
int main()
{
#ifndef STDC
  choke me
#endif
  return 0;
}
===
/opt/FriendlyARM/toolschain/4.5.1/bin/arm-none-linux-gnueabi-gcc -c -O3 -D_LARGEFILE64_SOURCE=1 ztest35806.c
Checking whether to use vs[n]printf() or s[n]printf()... using vs[n]printf().

=== ztest35806.c ===
#include <stdio.h>
#include <stdarg.h>
int mytest(const char *fmt, ...)
{
  char buf[20];
  va_list ap;
  va_start(ap, fmt);
  vsnprintf(buf, sizeof(buf), fmt, ap);
  va_end(ap);
  return 0;
}
int main()
{
  return (mytest("Hello%d\n", 1));
}
===
/opt/FriendlyARM/toolschain/4.5.1/bin/arm-none-linux-gnueabi-gcc -O3 -D_LARGEFILE64_SOURCE=1 -o ztest35806 ztest35806.c
Checking for vsnprintf() in stdio.h... Yes.

=== ztest35806.c ===
#include <stdio.h>
#include <stdarg.h>
int mytest(const char *fmt, ...)
{
  int n;
  char buf[20];
  va_list ap;
  va_start(ap, fmt);
  n = vsnprintf(buf, sizeof(buf), fmt, ap);
  va_end(ap);
  return n;
}
int main()
{
  return (mytest("Hello%d\n", 1));
}
===
/opt/FriendlyARM/toolschain/4.5.1/bin/arm-none-linux-gnueabi-gcc -c -O3 -D_LARGEFILE64_SOURCE=1 ztest35806.c
Checking for return value of vsnprintf()... Yes.

=== ztest35806.c ===
#define ZLIB_INTERNAL __attribute__((visibility ("hidden")))
int ZLIB_INTERNAL foo;
int main()
{
  return 0;
}
===
/opt/FriendlyARM/toolschain/4.5.1/bin/arm-none-linux-gnueabi-gcc -c -O3 -D_LARGEFILE64_SOURCE=1 ztest35806.c
Checking for attribute(visibility) support... Yes.

ALL = static shared all64
AR = ar
ARFLAGS = rc
CC = /opt/FriendlyARM/toolschain/4.5.1/bin/arm-none-linux-gnueabi-gcc
CFLAGS = -O3 -D_LARGEFILE64_SOURCE=1 -DHAVE_HIDDEN
CPP = /opt/FriendlyARM/toolschain/4.5.1/bin/arm-none-linux-gnueabi-gcc -E
EXE =
LDCONFIG = ldconfig
LDFLAGS =
LDSHARED = /opt/FriendlyARM/toolschain/4.5.1/bin/arm-none-linux-gnueabi-gcc -shared -Wl,-soname,libz.so.1,--version-script,zlib.map
LDSHAREDLIBC = -lc
OBJC = $(OBJZ) $(OBJG)
PIC_OBJC = $(PIC_OBJZ) $(PIC_OBJG)
RANLIB = ranlib
SFLAGS = -O3 -fPIC -D_LARGEFILE64_SOURCE=1 -DHAVE_HIDDEN
SHAREDLIB = libz.so
SHAREDLIBM = libz.so.1
SHAREDLIBV = libz.so.1.2.11
STATICLIB = libz.a
TEST = all teststatic testshared test64
VER = 1.2.11
Z_U4 =
SRCDIR =
exec_prefix = ${prefix}
includedir = ${prefix}/include
libdir = ${exec_prefix}/lib
mandir = ${prefix}/share/man
prefix = /home/pwn/Desktop/work/share/smart210/git/smart210-SDK/3rd/zlib-1.2.11/_install
sharedlibdir = ${libdir}
uname = Linux
--------------------


